#
# There is insufficient memory for the Java Runtime Environment to continue.
# Native memory allocation (malloc) failed to allocate 32744 bytes for ChunkPool::allocate
# Possible reasons:
#   The system is out of physical RAM or swap space
#   The process is running with CompressedOops enabled, and the Java Heap may be blocking the growth of the native heap
# Possible solutions:
#   Reduce memory load on the system
#   Increase physical memory or swap space
#   Check if swap backing store is full
#   Decrease Java heap size (-Xmx/-Xms)
#   Decrease number of Java threads
#   Decrease Java thread stack sizes (-Xss)
#   Set larger code cache with -XX:ReservedCodeCacheSize=
#   JVM is running with Unscaled Compressed Oops mode in which the Java heap is
#     placed in the first 4GB address space. The Java Heap base address is the
#     maximum limit for the native heap growth. Please use -XX:HeapBaseMinAddress
#     to set the Java Heap base and to place the Java Heap above 4GB virtual address.
# This output file may be truncated or incomplete.
#
#  Out of Memory Error (./src/hotspot/share/memory/arena.cpp:81), pid=4052, tid=1612
#
# JRE version: OpenJDK Runtime Environment (11.0.13) (build 11.0.13+0-b1751.21-8125866)
# Java VM: OpenJDK 64-Bit Server VM (11.0.13+0-b1751.21-8125866, mixed mode, tiered, compressed oops, g1 gc, windows-amd64)
# No core dump will be written. Minidumps are not enabled by default on client versions of Windows
#

---------------  S U M M A R Y ------------

Command Line: --add-opens=java.base/java.util=ALL-UNNAMED --add-opens=java.base/java.lang=ALL-UNNAMED --add-opens=java.base/java.lang.invoke=ALL-UNNAMED --add-opens=java.base/java.util=ALL-UNNAMED --add-opens=java.prefs/java.util.prefs=ALL-UNNAMED --add-opens=java.prefs/java.util.prefs=ALL-UNNAMED --add-opens=java.base/java.nio.charset=ALL-UNNAMED --add-opens=java.base/java.net=ALL-UNNAMED --add-opens=java.base/java.util.concurrent.atomic=ALL-UNNAMED -Xmx1536M -Dfile.encoding=windows-1256 -Duser.country=US -Duser.language=en -Duser.variant org.gradle.launcher.daemon.bootstrap.GradleDaemon 7.4

Host: Intel(R) Core(TM) i7-3520M CPU @ 2.90GHz, 4 cores, 7G,  Windows 10 , 64 bit Build 19041 (10.0.19041.2251)
Time: Tue Feb 21 14:18:15 2023 Egypt Standard Time elapsed time: 73.243851 seconds (0d 0h 1m 13s)

---------------  T H R E A D  ---------------

Current thread (0x0000018464cb1000):  VMThread "VM Thread" [stack: 0x0000005940100000,0x0000005940200000] [id=1612] _threads_hazard_ptr=0x0000018466c07220

Stack: [0x0000005940100000,0x0000005940200000]
[error occurred during error reporting (printing stack bounds), id 0xc0000005, EXCEPTION_ACCESS_VIOLATION (0xc0000005) at pc=0x000001844ff0112d]

Native frames: (J=compiled Java code, j=interpreted, Vv=VM code, C=native code)
V  [jvm.dll+0x6100fa]
V  [jvm.dll+0x747090]
V  [jvm.dll+0x7486ad]
V  [jvm.dll+0x748ce5]
V  [jvm.dll+0x748c9b]
V  [jvm.dll+0x60f224]
V  [jvm.dll+0x60f9b8]
C  [ntdll.dll+0xa241f]
C  [ntdll.dll+0x514a4]
C  [ntdll.dll+0xa0f4e]
C  0x000001844ff0112d

VM_Operation (0x0000005945ef57a0): BulkRevokeBias, mode: safepoint, requested by thread 0x0000018468edf800


---------------  P R O C E S S  ---------------

Threads class SMR info:
_java_thread_list=0x0000018466c07220, length=89, elements={
0x000001844c3dd800, 0x0000018464cd6800, 0x0000018464cd7800, 0x0000018464cfc800,
0x0000018464cfd000, 0x0000018464cfe000, 0x0000018464d01000, 0x0000018464d04800,
0x0000018464d2b800, 0x00000184657b0000, 0x0000018466c7b800, 0x0000018466a4f800,
0x000001846769f000, 0x0000018467af7000, 0x00000184676a0000, 0x00000184678ac800,
0x00000184671b9800, 0x00000184671ba000, 0x0000018465e09000, 0x0000018467fe2000,
0x0000018467b96000, 0x0000018467b94000, 0x0000018467b9a000, 0x0000018467b9a800,
0x0000018467b97800, 0x0000018467b96800, 0x0000018467b98800, 0x0000018467b99000,
0x0000018467b95000, 0x0000018467df2800, 0x0000018467df5800, 0x0000018467df0000,
0x0000018467df3800, 0x0000018467df1000, 0x0000018467df1800, 0x000001846b36f800,
0x000001846b371000, 0x000001846b372800, 0x000001846b376000, 0x000001846b372000,
0x000001846b374800, 0x000001846b375000, 0x000001846b370800, 0x000001846b377000,
0x000001846b377800, 0x000001846b378800, 0x000001846b379800, 0x000001846b373800,
0x000001846b37b000, 0x000001846b37b800, 0x000001846b37a000, 0x000001846b37c800,
0x000001846b37d800, 0x000001846b37e000, 0x0000018468793000, 0x0000018468796000,
0x0000018468793800, 0x0000018468795800, 0x0000018468797000, 0x0000018468791000,
0x0000018468794800, 0x0000018468797800, 0x0000018468792000, 0x000001846879c000,
0x0000018468799800, 0x000001846879c800, 0x000001846879a000, 0x000001846879d800,
0x0000018468798800, 0x00000184687a0000, 0x000001846879e000, 0x000001846879b000,
0x000001846879f000, 0x0000018468ed3000, 0x0000018468ed8000, 0x0000018468ed9000,
0x0000018468ed9800, 0x0000018468ed4000, 0x0000018468eda800, 0x0000018468ed5000,
0x0000018468edb800, 0x0000018468ed5800, 0x0000018468edc000, 0x0000018468ed6800,
0x0000018468ee0000, 0x0000018468ee1000, 0x0000018468edd000, 0x0000018468edf800,
0x0000018468ede800
}

Java Threads: ( => current thread )
  0x000001844c3dd800 JavaThread "main" [_thread_blocked, id=6140, stack(0x000000593fb00000,0x000000593fc00000)]
  0x0000018464cd6800 JavaThread "Reference Handler" daemon [_thread_blocked, id=2728, stack(0x0000005940200000,0x0000005940300000)]
  0x0000018464cd7800 JavaThread "Finalizer" daemon [_thread_blocked, id=12988, stack(0x0000005940300000,0x0000005940400000)]
  0x0000018464cfc800 JavaThread "Signal Dispatcher" daemon [_thread_blocked, id=5944, stack(0x0000005940400000,0x0000005940500000)]
  0x0000018464cfd000 JavaThread "Attach Listener" daemon [_thread_blocked, id=12412, stack(0x0000005940500000,0x0000005940600000)]
  0x0000018464cfe000 JavaThread "Service Thread" daemon [_thread_blocked, id=10608, stack(0x0000005940600000,0x0000005940700000)]
  0x0000018464d01000 JavaThread "C2 CompilerThread0" daemon [_thread_blocked, id=14212, stack(0x0000005940700000,0x0000005940800000)]
  0x0000018464d04800 JavaThread "C1 CompilerThread0" daemon [_thread_blocked, id=2008, stack(0x0000005940800000,0x0000005940900000)]
  0x0000018464d2b800 JavaThread "Sweeper thread" daemon [_thread_blocked, id=8656, stack(0x0000005940900000,0x0000005940a00000)]
  0x00000184657b0000 JavaThread "Common-Cleaner" daemon [_thread_blocked, id=13344, stack(0x0000005940a00000,0x0000005940b00000)]
  0x0000018466c7b800 JavaThread "Daemon health stats" [_thread_blocked, id=13416, stack(0x0000005940f00000,0x0000005941000000)]
  0x0000018466a4f800 JavaThread "Incoming local TCP Connector on port 64017" [_thread_in_native, id=192, stack(0x0000005940c00000,0x0000005940d00000)]
  0x000001846769f000 JavaThread "Daemon periodic checks" [_thread_blocked, id=14808, stack(0x0000005941000000,0x0000005941100000)]
  0x0000018467af7000 JavaThread "Daemon" [_thread_blocked, id=13768, stack(0x0000005941100000,0x0000005941200000)]
  0x00000184676a0000 JavaThread "Handler for socket connection from /127.0.0.1:64017 to /127.0.0.1:64018" [_thread_in_native, id=12244, stack(0x0000005941200000,0x0000005941300000)]
  0x00000184678ac800 JavaThread "Cancel handler" [_thread_blocked, id=14152, stack(0x0000005941300000,0x0000005941400000)]
  0x00000184671b9800 JavaThread "Daemon worker" [_thread_blocked, id=14008, stack(0x0000005941400000,0x0000005941500000)]
  0x00000184671ba000 JavaThread "Asynchronous log dispatcher for DefaultDaemonConnection: socket connection from /127.0.0.1:64017 to /127.0.0.1:64018" [_thread_blocked, id=6324, stack(0x0000005941500000,0x0000005941600000)]
  0x0000018465e09000 JavaThread "Stdin handler" [_thread_blocked, id=9272, stack(0x0000005941600000,0x0000005941700000)]
  0x0000018467fe2000 JavaThread "Daemon client event forwarder" [_thread_blocked, id=13564, stack(0x0000005941700000,0x0000005941800000)]
  0x0000018467b96000 JavaThread "Cache worker for journal cache (C:\Users\DELL\.gradle\caches\journal-1)" [_thread_blocked, id=13892, stack(0x0000005941900000,0x0000005941a00000)]
  0x0000018467b94000 JavaThread "File lock request listener" [_thread_in_native, id=14652, stack(0x0000005941a00000,0x0000005941b00000)]
  0x0000018467b9a000 JavaThread "Cache worker for file hash cache (C:\Users\DELL\.gradle\caches\7.4\fileHashes)" [_thread_blocked, id=14772, stack(0x0000005941b00000,0x0000005941c00000)]
  0x0000018467b9a800 JavaThread "File watcher server" daemon [_thread_in_native, id=3656, stack(0x0000005941d00000,0x0000005941e00000)]
  0x0000018467b97800 JavaThread "File watcher consumer" daemon [_thread_blocked, id=15060, stack(0x0000005941e00000,0x0000005941f00000)]
  0x0000018467b96800 JavaThread "Cache worker for checksums cache (D:\My Track\180 daraga\taska\android\.gradle\7.4\checksums)" [_thread_blocked, id=10748, stack(0x0000005941c00000,0x0000005941d00000)]
  0x0000018467b98800 JavaThread "Cache worker for cache directory md-rule (C:\Users\DELL\.gradle\caches\7.4\md-rule)" [_thread_blocked, id=14520, stack(0x0000005941f00000,0x0000005942000000)]
  0x0000018467b99000 JavaThread "Cache worker for file hash cache (D:\My Track\180 daraga\taska\android\.gradle\7.4\fileHashes)" [_thread_blocked, id=7828, stack(0x0000005942000000,0x0000005942100000)]
  0x0000018467b95000 JavaThread "Cache worker for cache directory md-supplier (C:\Users\DELL\.gradle\caches\7.4\md-supplier)" [_thread_blocked, id=10328, stack(0x0000005942100000,0x0000005942200000)]
  0x0000018467df2800 JavaThread "Cache worker for execution history cache (C:\Users\DELL\.gradle\caches\7.4\executionHistory)" [_thread_blocked, id=3624, stack(0x0000005942300000,0x0000005942400000)]
  0x0000018467df5800 JavaThread "jar transforms" [_thread_blocked, id=11580, stack(0x0000005942400000,0x0000005942500000)]
  0x0000018467df0000 JavaThread "jar transforms Thread 2" [_thread_blocked, id=9060, stack(0x0000005942500000,0x0000005942600000)]
  0x0000018467df3800 JavaThread "Cache worker for file content cache (C:\Users\DELL\.gradle\caches\7.4\fileContent)" [_thread_blocked, id=14164, stack(0x0000005942600000,0x0000005942700000)]
  0x0000018467df1000 JavaThread "jar transforms Thread 3" [_thread_blocked, id=1940, stack(0x0000005942700000,0x0000005942800000)]
  0x0000018467df1800 JavaThread "jar transforms Thread 4" [_thread_blocked, id=4276, stack(0x0000005942800000,0x0000005942900000)]
  0x000001846b36f800 JavaThread "Cache worker for dependencies-accessors (D:\My Track\180 daraga\taska\android\.gradle\7.4\dependencies-accessors)" [_thread_blocked, id=2480, stack(0x0000005942900000,0x0000005942a00000)]
  0x000001846b371000 JavaThread "Cache worker for Build Output Cleanup Cache (D:\My Track\180 daraga\taska\android\.gradle\buildOutputCleanup)" [_thread_blocked, id=6348, stack(0x0000005942a00000,0x0000005942b00000)]
  0x000001846b372800 JavaThread "Unconstrained build operations" [_thread_blocked, id=1992, stack(0x0000005942b00000,0x0000005942c00000)]
  0x000001846b376000 JavaThread "Unconstrained build operations Thread 2" [_thread_blocked, id=11348, stack(0x0000005942c00000,0x0000005942d00000)]
  0x000001846b372000 JavaThread "Unconstrained build operations Thread 3" [_thread_blocked, id=10188, stack(0x0000005942d00000,0x0000005942e00000)]
  0x000001846b374800 JavaThread "Unconstrained build operations Thread 4" [_thread_blocked, id=6120, stack(0x0000005942e00000,0x0000005942f00000)]
  0x000001846b375000 JavaThread "Unconstrained build operations Thread 5" [_thread_blocked, id=7712, stack(0x0000005942f00000,0x0000005943000000)]
  0x000001846b370800 JavaThread "Unconstrained build operations Thread 6" [_thread_blocked, id=11784, stack(0x0000005943000000,0x0000005943100000)]
  0x000001846b377000 JavaThread "Unconstrained build operations Thread 7" [_thread_blocked, id=14528, stack(0x0000005943100000,0x0000005943200000)]
  0x000001846b377800 JavaThread "Unconstrained build operations Thread 8" [_thread_blocked, id=12632, stack(0x0000005943200000,0x0000005943300000)]
  0x000001846b378800 JavaThread "Unconstrained build operations Thread 9" [_thread_blocked, id=10588, stack(0x0000005943300000,0x0000005943400000)]
  0x000001846b379800 JavaThread "Unconstrained build operations Thread 10" [_thread_blocked, id=8088, stack(0x0000005943400000,0x0000005943500000)]
  0x000001846b373800 JavaThread "Unconstrained build operations Thread 11" [_thread_blocked, id=12036, stack(0x0000005943500000,0x0000005943600000)]
  0x000001846b37b000 JavaThread "Unconstrained build operations Thread 12" [_thread_blocked, id=14512, stack(0x0000005943600000,0x0000005943700000)]
  0x000001846b37b800 JavaThread "Unconstrained build operations Thread 13" [_thread_blocked, id=8880, stack(0x0000005943700000,0x0000005943800000)]
  0x000001846b37a000 JavaThread "Unconstrained build operations Thread 14" [_thread_blocked, id=13012, stack(0x0000005943800000,0x0000005943900000)]
  0x000001846b37c800 JavaThread "Unconstrained build operations Thread 15" [_thread_blocked, id=11032, stack(0x0000005943900000,0x0000005943a00000)]
  0x000001846b37d800 JavaThread "Unconstrained build operations Thread 16" [_thread_blocked, id=7628, stack(0x0000005943a00000,0x0000005943b00000)]
  0x000001846b37e000 JavaThread "Unconstrained build operations Thread 17" [_thread_blocked, id=12440, stack(0x0000005943b00000,0x0000005943c00000)]
  0x0000018468793000 JavaThread "Unconstrained build operations Thread 18" [_thread_blocked, id=10304, stack(0x0000005943c00000,0x0000005943d00000)]
  0x0000018468796000 JavaThread "Unconstrained build operations Thread 19" [_thread_blocked, id=14060, stack(0x0000005943d00000,0x0000005943e00000)]
  0x0000018468793800 JavaThread "Unconstrained build operations Thread 20" [_thread_blocked, id=12280, stack(0x0000005943e00000,0x0000005943f00000)]
  0x0000018468795800 JavaThread "Unconstrained build operations Thread 21" [_thread_blocked, id=5808, stack(0x0000005943f00000,0x0000005944000000)]
  0x0000018468797000 JavaThread "Unconstrained build operations Thread 22" [_thread_blocked, id=15208, stack(0x0000005944000000,0x0000005944100000)]
  0x0000018468791000 JavaThread "Unconstrained build operations Thread 23" [_thread_blocked, id=11992, stack(0x0000005944100000,0x0000005944200000)]
  0x0000018468794800 JavaThread "Unconstrained build operations Thread 24" [_thread_blocked, id=8876, stack(0x0000005944200000,0x0000005944300000)]
  0x0000018468797800 JavaThread "Unconstrained build operations Thread 25" [_thread_blocked, id=228, stack(0x0000005944300000,0x0000005944400000)]
  0x0000018468792000 JavaThread "Unconstrained build operations Thread 26" [_thread_blocked, id=1328, stack(0x0000005944400000,0x0000005944500000)]
  0x000001846879c000 JavaThread "Unconstrained build operations Thread 27" [_thread_blocked, id=8832, stack(0x0000005944500000,0x0000005944600000)]
  0x0000018468799800 JavaThread "Unconstrained build operations Thread 28" [_thread_blocked, id=12160, stack(0x0000005944600000,0x0000005944700000)]
  0x000001846879c800 JavaThread "Unconstrained build operations Thread 29" [_thread_blocked, id=12136, stack(0x0000005944700000,0x0000005944800000)]
  0x000001846879a000 JavaThread "Unconstrained build operations Thread 30" [_thread_blocked, id=2112, stack(0x0000005944800000,0x0000005944900000)]
  0x000001846879d800 JavaThread "Unconstrained build operations Thread 31" [_thread_blocked, id=1920, stack(0x0000005944900000,0x0000005944a00000)]
  0x0000018468798800 JavaThread "Unconstrained build operations Thread 32" [_thread_blocked, id=6676, stack(0x0000005944a00000,0x0000005944b00000)]
  0x00000184687a0000 JavaThread "Unconstrained build operations Thread 33" [_thread_blocked, id=5432, stack(0x0000005944b00000,0x0000005944c00000)]
  0x000001846879e000 JavaThread "Unconstrained build operations Thread 34" [_thread_blocked, id=7764, stack(0x0000005944c00000,0x0000005944d00000)]
  0x000001846879b000 JavaThread "Unconstrained build operations Thread 35" [_thread_blocked, id=6756, stack(0x0000005944d00000,0x0000005944e00000)]
  0x000001846879f000 JavaThread "Unconstrained build operations Thread 36" [_thread_blocked, id=7656, stack(0x0000005944e00000,0x0000005944f00000)]
  0x0000018468ed3000 JavaThread "Unconstrained build operations Thread 37" [_thread_blocked, id=6280, stack(0x0000005944f00000,0x0000005945000000)]
  0x0000018468ed8000 JavaThread "Unconstrained build operations Thread 38" [_thread_blocked, id=15260, stack(0x0000005945000000,0x0000005945100000)]
  0x0000018468ed9000 JavaThread "Unconstrained build operations Thread 39" [_thread_blocked, id=13988, stack(0x0000005945100000,0x0000005945200000)]
  0x0000018468ed9800 JavaThread "Unconstrained build operations Thread 40" [_thread_blocked, id=15124, stack(0x0000005945200000,0x0000005945300000)]
  0x0000018468ed4000 JavaThread "Memory manager" [_thread_blocked, id=13624, stack(0x0000005945300000,0x0000005945400000)]
  0x0000018468eda800 JavaThread "build event listener" [_thread_blocked, id=11904, stack(0x0000005945400000,0x0000005945500000)]
  0x0000018468ed5000 JavaThread "pool-3-thread-1" [_thread_blocked, id=12248, stack(0x000000593fa00000,0x000000593fb00000)]
  0x0000018468edb800 JavaThread "build event listener" [_thread_blocked, id=10784, stack(0x0000005942200000,0x0000005942300000)]
  0x0000018468ed5800 JavaThread "included builds" [_thread_blocked, id=9348, stack(0x0000005945800000,0x0000005945900000)]
  0x0000018468edc000 JavaThread "Execution worker for ':'" [_thread_blocked, id=13364, stack(0x0000005945900000,0x0000005945a00000)]
  0x0000018468ed6800 JavaThread "Execution worker for ':' Thread 2" [_thread_blocked, id=12740, stack(0x0000005945a00000,0x0000005945b00000)]
  0x0000018468ee0000 JavaThread "Execution worker for ':' Thread 3" [_thread_blocked, id=10000, stack(0x0000005945b00000,0x0000005945c00000)]
  0x0000018468ee1000 JavaThread "Cache worker for execution history cache (D:\My Track\180 daraga\taska\android\.gradle\7.4\executionHistory)" [_thread_blocked, id=15064, stack(0x0000005945c00000,0x0000005945d00000)]
  0x0000018468edd000 JavaThread "Exec process" [_thread_in_native, id=14472, stack(0x0000005945d00000,0x0000005945e00000)]
  0x0000018468edf800 JavaThread "Exec process Thread 2" [_thread_blocked, id=15076, stack(0x0000005945e00000,0x0000005945f00000)]
  0x0000018468ede800 JavaThread "Exec process Thread 3" [_thread_in_native, id=14244, stack(0x0000005945f00000,0x0000005946000000)]

Other Threads:
=>0x0000018464cb1000 VMThread "VM Thread" [stack: 0x0000005940100000,0x0000005940200000] [id=1612] _threads_hazard_ptr=0x0000018466c07220
  0x00000184657cd800 WatcherThread [stack: 0x0000005940b00000,0x0000005940c00000] [id=13944]
  0x000001844c3f7000 GCTaskThread "GC Thread#0" [stack: 0x000000593fc00000,0x000000593fd00000] [id=13224]
  0x000001846622e000 GCTaskThread "GC Thread#1" [stack: 0x0000005940d00000,0x0000005940e00000] [id=4444]
  0x0000018465e8e000 GCTaskThread "GC Thread#2" [stack: 0x0000005940e00000,0x0000005940f00000] [id=5076]
  0x000001846698d800 GCTaskThread "GC Thread#3" [stack: 0x0000005941800000,0x0000005941900000] [id=8988]
  0x000001844c41c000 ConcurrentGCThread "G1 Main Marker" [stack: 0x000000593fd00000,0x000000593fe00000] [id=4544]
  0x000001844c41d800 ConcurrentGCThread "G1 Conc#0" [stack: 0x000000593fe00000,0x000000593ff00000] [id=9076]
  0x000001844c4ab000 ConcurrentGCThread "G1 Refine#0" [stack: 0x000000593ff00000,0x0000005940000000] [id=8096]
  0x000001844c4ac800 ConcurrentGCThread "G1 Young RemSet Sampling" [stack: 0x0000005940000000,0x0000005940100000] [id=9392]

Threads with active compile tasks:

VM state:at safepoint (normal execution)

VM Mutex/Monitor currently owned by a thread:  ([mutex/lock_event])
[0x000001844c3d9a40] Threads_lock - owner thread: 0x0000018464cb1000

Heap address: 0x00000000a0000000, size: 1536 MB, Compressed Oops mode: 32-bit
Narrow klass base: 0x0000000000000000, Narrow klass shift: 3
Compressed class space size: 1073741824 Address: 0x0000000100000000

Heap:
 garbage-first heap   total 155648K, used 123031K [0x00000000a0000000, 0x0000000100000000)
  region size 1024K, 26 young (26624K), 5 survivors (5120K)
 Metaspace       used 103361K, capacity 106297K, committed 106448K, reserved 1140736K
  class space    used 13285K, capacity 14374K, committed 14464K, reserved 1048576K
Heap Regions: E=young(eden), S=young(survivor), O=old, HS=humongous(starts), HC=humongous(continues), CS=collection set, F=free, A=archive, TAMS=top-at-mark-start (previous, next)
|   0|0x00000000a0000000, 0x00000000a0100000, 0x00000000a0100000|100%|HS|  |TAMS 0x00000000a0100000, 0x00000000a0000000| Complete 
|   1|0x00000000a0100000, 0x00000000a0200000, 0x00000000a0200000|100%|HC|  |TAMS 0x00000000a0200000, 0x00000000a0100000| Complete 
|   2|0x00000000a0200000, 0x00000000a0300000, 0x00000000a0300000|100%|HC|  |TAMS 0x00000000a0300000, 0x00000000a0200000| Complete 
|   3|0x00000000a0300000, 0x00000000a0400000, 0x00000000a0400000|100%| O|  |TAMS 0x00000000a0400000, 0x00000000a0300000| Untracked 
|   4|0x00000000a0400000, 0x00000000a0500000, 0x00000000a0500000|100%| O|  |TAMS 0x00000000a0500000, 0x00000000a0400000| Untracked 
|   5|0x00000000a0500000, 0x00000000a0600000, 0x00000000a0600000|100%| O|  |TAMS 0x00000000a0600000, 0x00000000a0500000| Untracked 
|   6|0x00000000a0600000, 0x00000000a0700000, 0x00000000a0700000|100%| O|  |TAMS 0x00000000a0700000, 0x00000000a0600000| Untracked 
|   7|0x00000000a0700000, 0x00000000a0800000, 0x00000000a0800000|100%| O|  |TAMS 0x00000000a0800000, 0x00000000a0700000| Untracked 
|   8|0x00000000a0800000, 0x00000000a0900000, 0x00000000a0900000|100%| O|  |TAMS 0x00000000a0900000, 0x00000000a0800000| Untracked 
|   9|0x00000000a0900000, 0x00000000a0a00000, 0x00000000a0a00000|100%| O|  |TAMS 0x00000000a0a00000, 0x00000000a0900000| Untracked 
|  10|0x00000000a0a00000, 0x00000000a0b00000, 0x00000000a0b00000|100%| O|  |TAMS 0x00000000a0b00000, 0x00000000a0a00000| Untracked 
|  11|0x00000000a0b00000, 0x00000000a0c00000, 0x00000000a0c00000|100%| O|  |TAMS 0x00000000a0c00000, 0x00000000a0b00000| Untracked 
|  12|0x00000000a0c00000, 0x00000000a0d00000, 0x00000000a0d00000|100%| O|  |TAMS 0x00000000a0d00000, 0x00000000a0c00000| Untracked 
|  13|0x00000000a0d00000, 0x00000000a0e00000, 0x00000000a0e00000|100%| O|  |TAMS 0x00000000a0e00000, 0x00000000a0d00000| Untracked 
|  14|0x00000000a0e00000, 0x00000000a0f00000, 0x00000000a0f00000|100%| O|  |TAMS 0x00000000a0f00000, 0x00000000a0e00000| Untracked 
|  15|0x00000000a0f00000, 0x00000000a1000000, 0x00000000a1000000|100%| O|  |TAMS 0x00000000a1000000, 0x00000000a0f00000| Untracked 
|  16|0x00000000a1000000, 0x00000000a1100000, 0x00000000a1100000|100%| O|  |TAMS 0x00000000a1100000, 0x00000000a1000000| Untracked 
|  17|0x00000000a1100000, 0x00000000a1200000, 0x00000000a1200000|100%| O|  |TAMS 0x00000000a1200000, 0x00000000a1100000| Untracked 
|  18|0x00000000a1200000, 0x00000000a1300000, 0x00000000a1300000|100%| O|  |TAMS 0x00000000a1300000, 0x00000000a1200000| Untracked 
|  19|0x00000000a1300000, 0x00000000a1400000, 0x00000000a1400000|100%| O|  |TAMS 0x00000000a1400000, 0x00000000a1300000| Untracked 
|  20|0x00000000a1400000, 0x00000000a1500000, 0x00000000a1500000|100%| O|  |TAMS 0x00000000a1500000, 0x00000000a1400000| Untracked 
|  21|0x00000000a1500000, 0x00000000a1600000, 0x00000000a1600000|100%| O|  |TAMS 0x00000000a1600000, 0x00000000a1500000| Untracked 
|  22|0x00000000a1600000, 0x00000000a1700000, 0x00000000a1700000|100%| O|  |TAMS 0x00000000a1700000, 0x00000000a1600000| Untracked 
|  23|0x00000000a1700000, 0x00000000a1800000, 0x00000000a1800000|100%| O|  |TAMS 0x00000000a1800000, 0x00000000a1700000| Untracked 
|  24|0x00000000a1800000, 0x00000000a1900000, 0x00000000a1900000|100%| O|  |TAMS 0x00000000a1900000, 0x00000000a1800000| Untracked 
|  25|0x00000000a1900000, 0x00000000a1a00000, 0x00000000a1a00000|100%| O|  |TAMS 0x00000000a1a00000, 0x00000000a1900000| Untracked 
|  26|0x00000000a1a00000, 0x00000000a1b00000, 0x00000000a1b00000|100%| O|  |TAMS 0x00000000a1b00000, 0x00000000a1a00000| Untracked 
|  27|0x00000000a1b00000, 0x00000000a1c00000, 0x00000000a1c00000|100%|HS|  |TAMS 0x00000000a1c00000, 0x00000000a1b00000| Complete 
|  28|0x00000000a1c00000, 0x00000000a1d00000, 0x00000000a1d00000|100%|HS|  |TAMS 0x00000000a1d00000, 0x00000000a1c00000| Complete 
|  29|0x00000000a1d00000, 0x00000000a1e00000, 0x00000000a1e00000|100%|HS|  |TAMS 0x00000000a1e00000, 0x00000000a1d00000| Complete 
|  30|0x00000000a1e00000, 0x00000000a1f00000, 0x00000000a1f00000|100%|HS|  |TAMS 0x00000000a1f00000, 0x00000000a1e00000| Complete 
|  31|0x00000000a1f00000, 0x00000000a2000000, 0x00000000a2000000|100%|HS|  |TAMS 0x00000000a2000000, 0x00000000a1f00000| Complete 
|  32|0x00000000a2000000, 0x00000000a2100000, 0x00000000a2100000|100%|HC|  |TAMS 0x00000000a2100000, 0x00000000a2000000| Complete 
|  33|0x00000000a2100000, 0x00000000a2200000, 0x00000000a2200000|100%|HC|  |TAMS 0x00000000a2200000, 0x00000000a2100000| Complete 
|  34|0x00000000a2200000, 0x00000000a2300000, 0x00000000a2300000|100%|HS|  |TAMS 0x00000000a2300000, 0x00000000a2200000| Complete 
|  35|0x00000000a2300000, 0x00000000a2400000, 0x00000000a2400000|100%|HC|  |TAMS 0x00000000a2400000, 0x00000000a2300000| Complete 
|  36|0x00000000a2400000, 0x00000000a2500000, 0x00000000a2500000|100%| O|  |TAMS 0x00000000a2500000, 0x00000000a2400000| Untracked 
|  37|0x00000000a2500000, 0x00000000a2600000, 0x00000000a2600000|100%| O|  |TAMS 0x00000000a2600000, 0x00000000a2500000| Untracked 
|  38|0x00000000a2600000, 0x00000000a2700000, 0x00000000a2700000|100%| O|  |TAMS 0x00000000a2700000, 0x00000000a2600000| Untracked 
|  39|0x00000000a2700000, 0x00000000a2800000, 0x00000000a2800000|100%| O|  |TAMS 0x00000000a2800000, 0x00000000a2700000| Untracked 
|  40|0x00000000a2800000, 0x00000000a2900000, 0x00000000a2900000|100%| O|  |TAMS 0x00000000a2900000, 0x00000000a2800000| Untracked 
|  41|0x00000000a2900000, 0x00000000a2a00000, 0x00000000a2a00000|100%| O|  |TAMS 0x00000000a2a00000, 0x00000000a2900000| Untracked 
|  42|0x00000000a2a00000, 0x00000000a2b00000, 0x00000000a2b00000|100%| O|  |TAMS 0x00000000a2b00000, 0x00000000a2a00000| Untracked 
|  43|0x00000000a2b00000, 0x00000000a2c00000, 0x00000000a2c00000|100%| O|  |TAMS 0x00000000a2c00000, 0x00000000a2b00000| Untracked 
|  44|0x00000000a2c00000, 0x00000000a2d00000, 0x00000000a2d00000|100%| O|  |TAMS 0x00000000a2d00000, 0x00000000a2c00000| Untracked 
|  45|0x00000000a2d00000, 0x00000000a2e00000, 0x00000000a2e00000|100%| O|  |TAMS 0x00000000a2e00000, 0x00000000a2d00000| Untracked 
|  46|0x00000000a2e00000, 0x00000000a2f00000, 0x00000000a2f00000|100%| O|  |TAMS 0x00000000a2f00000, 0x00000000a2e00000| Untracked 
|  47|0x00000000a2f00000, 0x00000000a3000000, 0x00000000a3000000|100%| O|  |TAMS 0x00000000a3000000, 0x00000000a2f00000| Untracked 
|  48|0x00000000a3000000, 0x00000000a3100000, 0x00000000a3100000|100%| O|  |TAMS 0x00000000a3100000, 0x00000000a3000000| Untracked 
|  49|0x00000000a3100000, 0x00000000a3200000, 0x00000000a3200000|100%| O|  |TAMS 0x00000000a3200000, 0x00000000a3100000| Untracked 
|  50|0x00000000a3200000, 0x00000000a3300000, 0x00000000a3300000|100%|HS|  |TAMS 0x00000000a3300000, 0x00000000a3200000| Complete 
|  51|0x00000000a3300000, 0x00000000a3400000, 0x00000000a3400000|100%| O|  |TAMS 0x00000000a3400000, 0x00000000a3300000| Untracked 
|  52|0x00000000a3400000, 0x00000000a3500000, 0x00000000a3500000|100%| O|  |TAMS 0x00000000a3500000, 0x00000000a3400000| Untracked 
|  53|0x00000000a3500000, 0x00000000a3600000, 0x00000000a3600000|100%| O|  |TAMS 0x00000000a3600000, 0x00000000a3500000| Untracked 
|  54|0x00000000a3600000, 0x00000000a3700000, 0x00000000a3700000|100%| O|  |TAMS 0x00000000a3700000, 0x00000000a3600000| Untracked 
|  55|0x00000000a3700000, 0x00000000a3800000, 0x00000000a3800000|100%| O|  |TAMS 0x00000000a3800000, 0x00000000a3700000| Untracked 
|  56|0x00000000a3800000, 0x00000000a3900000, 0x00000000a3900000|100%| O|  |TAMS 0x00000000a3900000, 0x00000000a3800000| Untracked 
|  57|0x00000000a3900000, 0x00000000a3a00000, 0x00000000a3a00000|100%|HS|  |TAMS 0x00000000a3a00000, 0x00000000a3900000| Complete 
|  58|0x00000000a3a00000, 0x00000000a3b00000, 0x00000000a3b00000|100%|HC|  |TAMS 0x00000000a3b00000, 0x00000000a3a00000| Complete 
|  59|0x00000000a3b00000, 0x00000000a3c00000, 0x00000000a3c00000|100%| O|  |TAMS 0x00000000a3c00000, 0x00000000a3b00000| Untracked 
|  60|0x00000000a3c00000, 0x00000000a3d00000, 0x00000000a3d00000|100%| O|  |TAMS 0x00000000a3d00000, 0x00000000a3c00000| Untracked 
|  61|0x00000000a3d00000, 0x00000000a3e00000, 0x00000000a3e00000|100%| O|  |TAMS 0x00000000a3e00000, 0x00000000a3d00000| Untracked 
|  62|0x00000000a3e00000, 0x00000000a3f00000, 0x00000000a3f00000|100%| O|  |TAMS 0x00000000a3f00000, 0x00000000a3e00000| Untracked 
|  63|0x00000000a3f00000, 0x00000000a4000000, 0x00000000a4000000|100%| O|  |TAMS 0x00000000a4000000, 0x00000000a3f00000| Untracked 
|  64|0x00000000a4000000, 0x00000000a4100000, 0x00000000a4100000|100%| O|  |TAMS 0x00000000a4100000, 0x00000000a4000000| Untracked 
|  65|0x00000000a4100000, 0x00000000a4200000, 0x00000000a4200000|100%| O|  |TAMS 0x00000000a4200000, 0x00000000a4100000| Untracked 
|  66|0x00000000a4200000, 0x00000000a4300000, 0x00000000a4300000|100%| O|  |TAMS 0x00000000a4300000, 0x00000000a4200000| Untracked 
|  67|0x00000000a4300000, 0x00000000a4400000, 0x00000000a4400000|100%| O|  |TAMS 0x00000000a4400000, 0x00000000a4300000| Untracked 
|  68|0x00000000a4400000, 0x00000000a4500000, 0x00000000a4500000|100%| O|  |TAMS 0x00000000a4500000, 0x00000000a4400000| Untracked 
|  69|0x00000000a4500000, 0x00000000a4600000, 0x00000000a4600000|100%| O|  |TAMS 0x00000000a4600000, 0x00000000a4500000| Untracked 
|  70|0x00000000a4600000, 0x00000000a4700000, 0x00000000a4700000|100%| O|  |TAMS 0x00000000a4700000, 0x00000000a4600000| Untracked 
|  71|0x00000000a4700000, 0x00000000a4800000, 0x00000000a4800000|100%| O|  |TAMS 0x00000000a4800000, 0x00000000a4700000| Untracked 
|  72|0x00000000a4800000, 0x00000000a4900000, 0x00000000a4900000|100%| O|  |TAMS 0x00000000a4900000, 0x00000000a4800000| Untracked 
|  73|0x00000000a4900000, 0x00000000a4a00000, 0x00000000a4a00000|100%| O|  |TAMS 0x00000000a4a00000, 0x00000000a4900000| Untracked 
|  74|0x00000000a4a00000, 0x00000000a4b00000, 0x00000000a4b00000|100%| O|  |TAMS 0x00000000a4b00000, 0x00000000a4a00000| Untracked 
|  75|0x00000000a4b00000, 0x00000000a4c00000, 0x00000000a4c00000|100%| O|  |TAMS 0x00000000a4c00000, 0x00000000a4b00000| Untracked 
|  76|0x00000000a4c00000, 0x00000000a4d00000, 0x00000000a4d00000|100%| O|  |TAMS 0x00000000a4d00000, 0x00000000a4c00000| Untracked 
|  77|0x00000000a4d00000, 0x00000000a4e00000, 0x00000000a4e00000|100%| O|  |TAMS 0x00000000a4e00000, 0x00000000a4d00000| Untracked 
|  78|0x00000000a4e00000, 0x00000000a4f00000, 0x00000000a4f00000|100%| O|  |TAMS 0x00000000a4f00000, 0x00000000a4e00000| Untracked 
|  79|0x00000000a4f00000, 0x00000000a5000000, 0x00000000a5000000|100%| O|  |TAMS 0x00000000a5000000, 0x00000000a4f00000| Untracked 
|  80|0x00000000a5000000, 0x00000000a5100000, 0x00000000a5100000|100%| O|  |TAMS 0x00000000a5100000, 0x00000000a5000000| Untracked 
|  81|0x00000000a5100000, 0x00000000a5200000, 0x00000000a5200000|100%| O|  |TAMS 0x00000000a5200000, 0x00000000a5100000| Untracked 
|  82|0x00000000a5200000, 0x00000000a5300000, 0x00000000a5300000|100%| O|  |TAMS 0x00000000a5300000, 0x00000000a5200000| Untracked 
|  83|0x00000000a5300000, 0x00000000a5400000, 0x00000000a5400000|100%| O|  |TAMS 0x00000000a5400000, 0x00000000a5300000| Untracked 
|  84|0x00000000a5400000, 0x00000000a5500000, 0x00000000a5500000|100%| O|  |TAMS 0x00000000a5500000, 0x00000000a5400000| Untracked 
|  85|0x00000000a5500000, 0x00000000a5600000, 0x00000000a5600000|100%| O|  |TAMS 0x00000000a5600000, 0x00000000a5500000| Untracked 
|  86|0x00000000a5600000, 0x00000000a5700000, 0x00000000a5700000|100%| O|  |TAMS 0x00000000a5700000, 0x00000000a5600000| Untracked 
|  87|0x00000000a5700000, 0x00000000a5800000, 0x00000000a5800000|100%| O|  |TAMS 0x00000000a5800000, 0x00000000a5700000| Untracked 
|  88|0x00000000a5800000, 0x00000000a5900000, 0x00000000a5900000|100%| O|  |TAMS 0x00000000a5900000, 0x00000000a5800000| Untracked 
|  89|0x00000000a5900000, 0x00000000a5a00000, 0x00000000a5a00000|100%| O|  |TAMS 0x00000000a5a00000, 0x00000000a5900000| Untracked 
|  90|0x00000000a5a00000, 0x00000000a5b00000, 0x00000000a5b00000|100%| O|  |TAMS 0x00000000a5b00000, 0x00000000a5a00000| Untracked 
|  91|0x00000000a5b00000, 0x00000000a5c00000, 0x00000000a5c00000|100%| O|  |TAMS 0x00000000a5c00000, 0x00000000a5b00000| Untracked 
|  92|0x00000000a5c00000, 0x00000000a5d00000, 0x00000000a5d00000|100%| O|  |TAMS 0x00000000a5d00000, 0x00000000a5c00000| Untracked 
|  93|0x00000000a5d00000, 0x00000000a5e00000, 0x00000000a5e00000|100%| O|  |TAMS 0x00000000a5e00000, 0x00000000a5d00000| Untracked 
|  94|0x00000000a5e00000, 0x00000000a5f00000, 0x00000000a5f00000|100%| O|  |TAMS 0x00000000a5f00000, 0x00000000a5e00000| Untracked 
|  95|0x00000000a5f00000, 0x00000000a6000000, 0x00000000a6000000|100%| O|  |TAMS 0x00000000a6000000, 0x00000000a5f00000| Untracked 
|  96|0x00000000a6000000, 0x00000000a6050800, 0x00000000a6100000| 31%| O|  |TAMS 0x00000000a6050800, 0x00000000a6000000| Untracked 
|  97|0x00000000a6100000, 0x00000000a6100000, 0x00000000a6200000|  0%| F|  |TAMS 0x00000000a6100000, 0x00000000a6100000| Untracked 
|  98|0x00000000a6200000, 0x00000000a6200000, 0x00000000a6300000|  0%| F|  |TAMS 0x00000000a6200000, 0x00000000a6200000| Untracked 
|  99|0x00000000a6300000, 0x00000000a6300000, 0x00000000a6400000|  0%| F|  |TAMS 0x00000000a6300000, 0x00000000a6300000| Untracked 
| 100|0x00000000a6400000, 0x00000000a6400000, 0x00000000a6500000|  0%| F|  |TAMS 0x00000000a6400000, 0x00000000a6400000| Untracked 
| 101|0x00000000a6500000, 0x00000000a6500000, 0x00000000a6600000|  0%| F|  |TAMS 0x00000000a6500000, 0x00000000a6500000| Untracked 
| 102|0x00000000a6600000, 0x00000000a6600000, 0x00000000a6700000|  0%| F|  |TAMS 0x00000000a6600000, 0x00000000a6600000| Untracked 
| 103|0x00000000a6700000, 0x00000000a6700000, 0x00000000a6800000|  0%| F|  |TAMS 0x00000000a6700000, 0x00000000a6700000| Untracked 
| 104|0x00000000a6800000, 0x00000000a6800000, 0x00000000a6900000|  0%| F|  |TAMS 0x00000000a6800000, 0x00000000a6800000| Untracked 
| 105|0x00000000a6900000, 0x00000000a6900000, 0x00000000a6a00000|  0%| F|  |TAMS 0x00000000a6900000, 0x00000000a6900000| Untracked 
| 106|0x00000000a6a00000, 0x00000000a6a00000, 0x00000000a6b00000|  0%| F|  |TAMS 0x00000000a6a00000, 0x00000000a6a00000| Untracked 
| 107|0x00000000a6b00000, 0x00000000a6b00000, 0x00000000a6c00000|  0%| F|  |TAMS 0x00000000a6b00000, 0x00000000a6b00000| Untracked 
| 108|0x00000000a6c00000, 0x00000000a6c00000, 0x00000000a6d00000|  0%| F|  |TAMS 0x00000000a6c00000, 0x00000000a6c00000| Untracked 
| 109|0x00000000a6d00000, 0x00000000a6d00000, 0x00000000a6e00000|  0%| F|  |TAMS 0x00000000a6d00000, 0x00000000a6d00000| Untracked 
| 110|0x00000000a6e00000, 0x00000000a6e00000, 0x00000000a6f00000|  0%| F|  |TAMS 0x00000000a6e00000, 0x00000000a6e00000| Untracked 
| 111|0x00000000a6f00000, 0x00000000a6f00000, 0x00000000a7000000|  0%| F|  |TAMS 0x00000000a6f00000, 0x00000000a6f00000| Untracked 
| 112|0x00000000a7000000, 0x00000000a7000000, 0x00000000a7100000|  0%| F|  |TAMS 0x00000000a7000000, 0x00000000a7000000| Untracked 
| 113|0x00000000a7100000, 0x00000000a7100000, 0x00000000a7200000|  0%| F|  |TAMS 0x00000000a7100000, 0x00000000a7100000| Untracked 
| 114|0x00000000a7200000, 0x00000000a7200000, 0x00000000a7300000|  0%| F|  |TAMS 0x00000000a7200000, 0x00000000a7200000| Untracked 
| 115|0x00000000a7300000, 0x00000000a73d55a0, 0x00000000a7400000| 83%| S|CS|TAMS 0x00000000a7300000, 0x00000000a7300000| Complete 
| 116|0x00000000a7400000, 0x00000000a7400000, 0x00000000a7500000|  0%| F|  |TAMS 0x00000000a7400000, 0x00000000a7400000| Untracked 
| 117|0x00000000a7500000, 0x00000000a7600000, 0x00000000a7600000|100%| S|CS|TAMS 0x00000000a7500000, 0x00000000a7500000| Complete 
| 118|0x00000000a7600000, 0x00000000a7700000, 0x00000000a7700000|100%| S|CS|TAMS 0x00000000a7600000, 0x00000000a7600000| Complete 
| 119|0x00000000a7700000, 0x00000000a7800000, 0x00000000a7800000|100%| S|CS|TAMS 0x00000000a7700000, 0x00000000a7700000| Complete 
| 120|0x00000000a7800000, 0x00000000a7900000, 0x00000000a7900000|100%| S|CS|TAMS 0x00000000a7800000, 0x00000000a7800000| Complete 
| 121|0x00000000a7900000, 0x00000000a7900000, 0x00000000a7a00000|  0%| F|  |TAMS 0x00000000a7900000, 0x00000000a7900000| Untracked 
| 122|0x00000000a7a00000, 0x00000000a7a00000, 0x00000000a7b00000|  0%| F|  |TAMS 0x00000000a7a00000, 0x00000000a7a00000| Untracked 
| 123|0x00000000a7b00000, 0x00000000a7b00000, 0x00000000a7c00000|  0%| F|  |TAMS 0x00000000a7b00000, 0x00000000a7b00000| Untracked 
| 124|0x00000000a7c00000, 0x00000000a7c00000, 0x00000000a7d00000|  0%| F|  |TAMS 0x00000000a7c00000, 0x00000000a7c00000| Untracked 
| 125|0x00000000a7d00000, 0x00000000a7d00000, 0x00000000a7e00000|  0%| F|  |TAMS 0x00000000a7d00000, 0x00000000a7d00000| Untracked 
| 126|0x00000000a7e00000, 0x00000000a7e00000, 0x00000000a7f00000|  0%| F|  |TAMS 0x00000000a7e00000, 0x00000000a7e00000| Untracked 
| 127|0x00000000a7f00000, 0x00000000a7f00000, 0x00000000a8000000|  0%| F|  |TAMS 0x00000000a7f00000, 0x00000000a7f00000| Untracked 
| 128|0x00000000a8000000, 0x00000000a8000000, 0x00000000a8100000|  0%| F|  |TAMS 0x00000000a8000000, 0x00000000a8000000| Untracked 
| 129|0x00000000a8100000, 0x00000000a8100000, 0x00000000a8200000|  0%| F|  |TAMS 0x00000000a8100000, 0x00000000a8100000| Untracked 
| 130|0x00000000a8200000, 0x00000000a8200000, 0x00000000a8300000|  0%| F|  |TAMS 0x00000000a8200000, 0x00000000a8200000| Untracked 
| 131|0x00000000a8300000, 0x00000000a831b528, 0x00000000a8400000| 10%| E|  |TAMS 0x00000000a8300000, 0x00000000a8300000| Complete 
| 132|0x00000000a8400000, 0x00000000a8500000, 0x00000000a8500000|100%| E|CS|TAMS 0x00000000a8400000, 0x00000000a8400000| Complete 
| 133|0x00000000a8500000, 0x00000000a8600000, 0x00000000a8600000|100%| E|CS|TAMS 0x00000000a8500000, 0x00000000a8500000| Complete 
| 134|0x00000000a8600000, 0x00000000a8700000, 0x00000000a8700000|100%| E|CS|TAMS 0x00000000a8600000, 0x00000000a8600000| Complete 
| 135|0x00000000a8700000, 0x00000000a8800000, 0x00000000a8800000|100%| E|CS|TAMS 0x00000000a8700000, 0x00000000a8700000| Complete 
| 136|0x00000000a8800000, 0x00000000a8900000, 0x00000000a8900000|100%| E|CS|TAMS 0x00000000a8800000, 0x00000000a8800000| Complete 
| 137|0x00000000a8900000, 0x00000000a8a00000, 0x00000000a8a00000|100%| E|CS|TAMS 0x00000000a8900000, 0x00000000a8900000| Complete 
| 138|0x00000000a8a00000, 0x00000000a8b00000, 0x00000000a8b00000|100%| E|CS|TAMS 0x00000000a8a00000, 0x00000000a8a00000| Complete 
| 139|0x00000000a8b00000, 0x00000000a8c00000, 0x00000000a8c00000|100%| E|CS|TAMS 0x00000000a8b00000, 0x00000000a8b00000| Complete 
| 140|0x00000000a8c00000, 0x00000000a8d00000, 0x00000000a8d00000|100%| E|CS|TAMS 0x00000000a8c00000, 0x00000000a8c00000| Complete 
| 141|0x00000000a8d00000, 0x00000000a8e00000, 0x00000000a8e00000|100%| E|CS|TAMS 0x00000000a8d00000, 0x00000000a8d00000| Complete 
| 142|0x00000000a8e00000, 0x00000000a8f00000, 0x00000000a8f00000|100%| E|CS|TAMS 0x00000000a8e00000, 0x00000000a8e00000| Complete 
| 143|0x00000000a8f00000, 0x00000000a9000000, 0x00000000a9000000|100%| E|CS|TAMS 0x00000000a8f00000, 0x00000000a8f00000| Complete 
| 144|0x00000000a9000000, 0x00000000a9100000, 0x00000000a9100000|100%| E|CS|TAMS 0x00000000a9000000, 0x00000000a9000000| Complete 
| 145|0x00000000a9100000, 0x00000000a9200000, 0x00000000a9200000|100%| E|CS|TAMS 0x00000000a9100000, 0x00000000a9100000| Complete 
| 146|0x00000000a9200000, 0x00000000a9300000, 0x00000000a9300000|100%| E|CS|TAMS 0x00000000a9200000, 0x00000000a9200000| Complete 
| 147|0x00000000a9300000, 0x00000000a9400000, 0x00000000a9400000|100%| E|CS|TAMS 0x00000000a9300000, 0x00000000a9300000| Complete 
| 148|0x00000000a9400000, 0x00000000a9500000, 0x00000000a9500000|100%| E|CS|TAMS 0x00000000a9400000, 0x00000000a9400000| Complete 
| 149|0x00000000a9500000, 0x00000000a9600000, 0x00000000a9600000|100%| E|CS|TAMS 0x00000000a9500000, 0x00000000a9500000| Complete 
| 150|0x00000000a9600000, 0x00000000a9700000, 0x00000000a9700000|100%| E|  |TAMS 0x00000000a9600000, 0x00000000a9600000| Complete 
| 151|0x00000000a9700000, 0x00000000a9800000, 0x00000000a9800000|100%| E|CS|TAMS 0x00000000a9700000, 0x00000000a9700000| Complete 

Card table byte_map: [0x000001845f200000,0x000001845f500000] _byte_map_base: 0x000001845ed00000

Marking Bits (Prev, Next): (CMBitMap*) 0x000001844c4151c8, (CMBitMap*) 0x000001844c415200
 Prev Bits: [0x000001845f800000, 0x0000018461000000)
 Next Bits: [0x0000018461000000, 0x0000018462800000)

Polling page: 0x000001844a2b0000

Metaspace:

Usage:
  Non-class:     89.77 MB capacity,    87.96 MB ( 98%) used,     1.52 MB (  2%) free+waste,   285.94 KB ( <1%) overhead. 
      Class:     14.04 MB capacity,    12.97 MB ( 92%) used,   957.20 KB (  7%) free+waste,   131.19 KB ( <1%) overhead. 
       Both:    103.81 MB capacity,   100.94 MB ( 97%) used,     2.46 MB (  2%) free+waste,   417.13 KB ( <1%) overhead. 

Virtual space:
  Non-class space:       90.00 MB reserved,      89.83 MB (>99%) committed 
      Class space:        1.00 GB reserved,      14.13 MB (  1%) committed 
             Both:        1.09 GB reserved,     103.95 MB (  9%) committed 

Chunk freelists:
   Non-Class:  0 bytes
       Class:  0 bytes
        Both:  0 bytes

MaxMetaspaceSize: 17179869184.00 GB
CompressedClassSpaceSize: 1.00 GB
Initial GC threshold: 20.80 MB
Current GC threshold: 171.59 MB
CDS: off

CodeHeap 'non-profiled nmethods': size=120064Kb used=8512Kb max_used=8512Kb free=111551Kb
 bounds [0x00000184579c0000, 0x0000018458220000, 0x000001845ef00000]
CodeHeap 'profiled nmethods': size=120000Kb used=27105Kb max_used=27105Kb free=92894Kb
 bounds [0x0000018450490000, 0x0000018451f10000, 0x00000184579c0000]
CodeHeap 'non-nmethods': size=5696Kb used=2414Kb max_used=2485Kb free=3281Kb
 bounds [0x000001844ff00000, 0x0000018450180000, 0x0000018450490000]
 total_blobs=13060 nmethods=12116 adapters=855
 compilation: enabled
              stopped_count=0, restarted_count=0
 full_count=0

Compilation events (20 events):
Event: 67.693 Thread 0x0000018464d01000 nmethod 12192 0x00000184581fd610 code [0x00000184581fdea0, 0x00000184582055a0]
Event: 67.693 Thread 0x0000018464d01000 12218       4       java.util.StringJoiner::<init> (10 bytes)
Event: 67.699 Thread 0x0000018464d01000 nmethod 12218 0x0000018458209310 code [0x00000184582094c0, 0x00000184582097b8]
Event: 67.699 Thread 0x0000018464d01000 12215       4       org.codehaus.groovy.reflection.CachedClass$3$$Lambda$271/0x0000000100452440::apply (12 bytes)
Event: 67.703 Thread 0x0000018464d01000 nmethod 12215 0x0000018458209910 code [0x0000018458209ac0, 0x0000018458209d38]
Event: 67.703 Thread 0x0000018464d01000 12207       4       com.google.common.collect.ImmutableMap$Builder::put (35 bytes)
Event: 67.714 Thread 0x0000018464d01000 nmethod 12207 0x0000018458209e90 code [0x000001845820a040, 0x000001845820a718]
Event: 67.714 Thread 0x0000018464d01000 12206       4       com.google.common.collect.ImmutableMap::entryOf (15 bytes)
Event: 67.718 Thread 0x0000018464d01000 nmethod 12206 0x000001845820aa10 code [0x000001845820abc0, 0x000001845820add8]
Event: 67.797 Thread 0x000001846f9c1800 nmethod 12202 0x000001845820af10 code [0x000001845820b220, 0x000001845820dfa0]
Event: 69.174 Thread 0x0000018464d04800 12241       3       java.util.HashMap$Values::spliterator (16 bytes)
Event: 69.174 Thread 0x0000018464d04800 nmethod 12241 0x0000018451f06f90 code [0x0000018451f07160, 0x0000018451f07388]
Event: 70.491 Thread 0x0000018464d04800 12242       3       java.util.concurrent.ThreadPoolExecutor::isShutdown (12 bytes)
Event: 70.491 Thread 0x0000018464d04800 nmethod 12242 0x0000018451f07490 code [0x0000018451f07640, 0x0000018451f07818]
Event: 71.174 Thread 0x0000018464d01000 12243       4       java.util.RegularEnumSet::contains (57 bytes)
Event: 71.174 Thread 0x0000018464d04800 12245       3       java.util.concurrent.ScheduledThreadPoolExecutor::canRunInCurrentRunState (61 bytes)
Event: 71.175 Thread 0x0000018464d04800 nmethod 12245 0x0000018451f07910 code [0x0000018451f07b40, 0x0000018451f08368]
Event: 71.176 Thread 0x0000018464d01000 nmethod 12243 0x000001845820f610 code [0x000001845820f7a0, 0x000001845820f898]
Event: 71.176 Thread 0x0000018464d01000 12244       4       java.util.Collection::stream (11 bytes)
Event: 71.182 Thread 0x0000018464d01000 nmethod 12244 0x000001845820f990 code [0x000001845820fb40, 0x000001845820fee8]

GC Heap History (20 events):
Event: 30.663 GC heap before
{Heap before GC invocations=23 (full 0):
 garbage-first heap   total 155648K, used 127699K [0x00000000a0000000, 0x0000000100000000)
  region size 1024K, 53 young (54272K), 7 survivors (7168K)
 Metaspace       used 83806K, capacity 86174K, committed 86224K, reserved 1124352K
  class space    used 10772K, capacity 11638K, committed 11648K, reserved 1048576K
}
Event: 30.682 GC heap after
{Heap after GC invocations=24 (full 0):
 garbage-first heap   total 155648K, used 84613K [0x00000000a0000000, 0x0000000100000000)
  region size 1024K, 7 young (7168K), 7 survivors (7168K)
 Metaspace       used 83806K, capacity 86174K, committed 86224K, reserved 1124352K
  class space    used 10772K, capacity 11638K, committed 11648K, reserved 1048576K
}
Event: 33.049 GC heap before
{Heap before GC invocations=25 (full 0):
 garbage-first heap   total 155648K, used 126597K [0x00000000a0000000, 0x0000000100000000)
  region size 1024K, 49 young (50176K), 7 survivors (7168K)
 Metaspace       used 87254K, capacity 89626K, committed 89808K, reserved 1126400K
  class space    used 11190K, capacity 12054K, committed 12160K, reserved 1048576K
}
Event: 33.071 GC heap after
{Heap after GC invocations=26 (full 0):
 garbage-first heap   total 155648K, used 88276K [0x00000000a0000000, 0x0000000100000000)
  region size 1024K, 4 young (4096K), 4 survivors (4096K)
 Metaspace       used 87254K, capacity 89626K, committed 89808K, reserved 1126400K
  class space    used 11190K, capacity 12054K, committed 12160K, reserved 1048576K
}
Event: 61.951 GC heap before
{Heap before GC invocations=26 (full 0):
 garbage-first heap   total 155648K, used 123092K [0x00000000a0000000, 0x0000000100000000)
  region size 1024K, 40 young (40960K), 4 survivors (4096K)
 Metaspace       used 89748K, capacity 92167K, committed 92368K, reserved 1130496K
  class space    used 11485K, capacity 12363K, committed 12416K, reserved 1048576K
}
Event: 61.959 GC heap after
{Heap after GC invocations=27 (full 0):
 garbage-first heap   total 155648K, used 89338K [0x00000000a0000000, 0x0000000100000000)
  region size 1024K, 5 young (5120K), 5 survivors (5120K)
 Metaspace       used 89748K, capacity 92167K, committed 92368K, reserved 1130496K
  class space    used 11485K, capacity 12363K, committed 12416K, reserved 1048576K
}
Event: 62.346 GC heap before
{Heap before GC invocations=28 (full 0):
 garbage-first heap   total 155648K, used 115962K [0x00000000a0000000, 0x0000000100000000)
  region size 1024K, 32 young (32768K), 5 survivors (5120K)
 Metaspace       used 89777K, capacity 92231K, committed 92368K, reserved 1130496K
  class space    used 11489K, capacity 12363K, committed 12416K, reserved 1048576K
}
Event: 62.359 GC heap after
{Heap after GC invocations=29 (full 0):
 garbage-first heap   total 155648K, used 93251K [0x00000000a0000000, 0x0000000100000000)
  region size 1024K, 6 young (6144K), 6 survivors (6144K)
 Metaspace       used 89777K, capacity 92231K, committed 92368K, reserved 1130496K
  class space    used 11489K, capacity 12363K, committed 12416K, reserved 1048576K
}
Event: 62.740 GC heap before
{Heap before GC invocations=30 (full 0):
 garbage-first heap   total 155648K, used 129091K [0x00000000a0000000, 0x0000000100000000)
  region size 1024K, 41 young (41984K), 6 survivors (6144K)
 Metaspace       used 89780K, capacity 92231K, committed 92368K, reserved 1130496K
  class space    used 11489K, capacity 12363K, committed 12416K, reserved 1048576K
}
Event: 62.743 GC heap after
{Heap after GC invocations=31 (full 0):
 garbage-first heap   total 155648K, used 89625K [0x00000000a0000000, 0x0000000100000000)
  region size 1024K, 1 young (1024K), 1 survivors (1024K)
 Metaspace       used 89780K, capacity 92231K, committed 92368K, reserved 1130496K
  class space    used 11489K, capacity 12363K, committed 12416K, reserved 1048576K
}
Event: 63.085 GC heap before
{Heap before GC invocations=31 (full 0):
 garbage-first heap   total 155648K, used 129561K [0x00000000a0000000, 0x0000000100000000)
  region size 1024K, 41 young (41984K), 1 survivors (1024K)
 Metaspace       used 89912K, capacity 92356K, committed 92368K, reserved 1130496K
  class space    used 11501K, capacity 12404K, committed 12416K, reserved 1048576K
}
Event: 63.088 GC heap after
{Heap after GC invocations=32 (full 0):
 garbage-first heap   total 155648K, used 89664K [0x00000000a0000000, 0x0000000100000000)
  region size 1024K, 1 young (1024K), 1 survivors (1024K)
 Metaspace       used 89912K, capacity 92356K, committed 92368K, reserved 1130496K
  class space    used 11501K, capacity 12404K, committed 12416K, reserved 1048576K
}
Event: 64.214 GC heap before
{Heap before GC invocations=33 (full 0):
 garbage-first heap   total 155648K, used 131648K [0x00000000a0000000, 0x0000000100000000)
  region size 1024K, 42 young (43008K), 1 survivors (1024K)
 Metaspace       used 92533K, capacity 95186K, committed 95440K, reserved 1132544K
  class space    used 11892K, capacity 12864K, committed 12928K, reserved 1048576K
}
Event: 64.232 GC heap after
{Heap after GC invocations=34 (full 0):
 garbage-first heap   total 155648K, used 93225K [0x00000000a0000000, 0x0000000100000000)
  region size 1024K, 5 young (5120K), 5 survivors (5120K)
 Metaspace       used 92533K, capacity 95186K, committed 95440K, reserved 1132544K
  class space    used 11892K, capacity 12864K, committed 12928K, reserved 1048576K
}
Event: 64.974 GC heap before
{Heap before GC invocations=34 (full 0):
 garbage-first heap   total 155648K, used 130089K [0x00000000a0000000, 0x0000000100000000)
  region size 1024K, 41 young (41984K), 5 survivors (5120K)
 Metaspace       used 96974K, capacity 99605K, committed 99920K, reserved 1136640K
  class space    used 12503K, capacity 13468K, committed 13568K, reserved 1048576K
}
Event: 64.986 GC heap after
{Heap after GC invocations=35 (full 0):
 garbage-first heap   total 155648K, used 95236K [0x00000000a0000000, 0x0000000100000000)
  region size 1024K, 2 young (2048K), 2 survivors (2048K)
 Metaspace       used 96974K, capacity 99605K, committed 99920K, reserved 1136640K
  class space    used 12503K, capacity 13468K, committed 13568K, reserved 1048576K
}
Event: 66.094 GC heap before
{Heap before GC invocations=36 (full 0):
 garbage-first heap   total 155648K, used 131076K [0x00000000a0000000, 0x0000000100000000)
  region size 1024K, 37 young (37888K), 2 survivors (2048K)
 Metaspace       used 99231K, capacity 102024K, committed 102224K, reserved 1138688K
  class space    used 12773K, capacity 13769K, committed 13824K, reserved 1048576K
}
Event: 66.108 GC heap after
{Heap after GC invocations=37 (full 0):
 garbage-first heap   total 155648K, used 98608K [0x00000000a0000000, 0x0000000100000000)
  region size 1024K, 5 young (5120K), 5 survivors (5120K)
 Metaspace       used 99231K, capacity 102024K, committed 102224K, reserved 1138688K
  class space    used 12773K, capacity 13769K, committed 13824K, reserved 1048576K
}
Event: 66.811 GC heap before
{Heap before GC invocations=37 (full 0):
 garbage-first heap   total 155648K, used 129328K [0x00000000a0000000, 0x0000000100000000)
  region size 1024K, 36 young (36864K), 5 survivors (5120K)
 Metaspace       used 101189K, capacity 103983K, committed 104272K, reserved 1140736K
  class space    used 12989K, capacity 13981K, committed 14080K, reserved 1048576K
}
Event: 66.830 GC heap after
{Heap after GC invocations=38 (full 0):
 garbage-first heap   total 155648K, used 103575K [0x00000000a0000000, 0x0000000100000000)
  region size 1024K, 5 young (5120K), 5 survivors (5120K)
 Metaspace       used 101189K, capacity 103983K, committed 104272K, reserved 1140736K
  class space    used 12989K, capacity 13981K, committed 14080K, reserved 1048576K
}

Deoptimization events (20 events):
Event: 67.271 Thread 0x0000018468ee1000 Uncommon trap: trap_request=0xffffffc6 fr.pc=0x0000018457ad59ac relative=0x0000000000000ecc
Event: 67.271 Thread 0x0000018468ee1000 Uncommon trap: reason=bimorphic_or_optimized_type_check action=maybe_recompile pc=0x0000018457ad59ac method=java.io.DataOutputStream.writeShort(I)V @ 12 c2
Event: 67.271 Thread 0x0000018468ee1000 DEOPT PACKING pc=0x0000018457ad59ac sp=0x0000005945cfdad0
Event: 67.271 Thread 0x0000018468ee1000 DEOPT UNPACKING pc=0x000001844ff4a1af sp=0x0000005945cfdad8 mode 2
Event: 67.296 Thread 0x0000018468ed5800 Uncommon trap: trap_request=0xffffffde fr.pc=0x0000018457af57dc relative=0x000000000000031c
Event: 67.296 Thread 0x0000018468ed5800 Uncommon trap: reason=class_check action=maybe_recompile pc=0x0000018457af57dc method=java.util.Collections$SetFromMap.remove(Ljava/lang/Object;)Z @ 5 c2
Event: 67.296 Thread 0x0000018468ed5800 DEOPT PACKING pc=0x0000018457af57dc sp=0x00000059458fda00
Event: 67.296 Thread 0x0000018468ed5800 DEOPT UNPACKING pc=0x000001844ff4a1af sp=0x00000059458fd9e8 mode 2
Event: 67.329 Thread 0x0000018468ed5800 Uncommon trap: trap_request=0xffffffc6 fr.pc=0x00000184581aa408 relative=0x0000000000000128
Event: 67.329 Thread 0x0000018468ed5800 Uncommon trap: reason=bimorphic_or_optimized_type_check action=maybe_recompile pc=0x00000184581aa408 method=com.google.common.collect.ImmutableList$1.get(I)Ljava/lang/Object; @ 5 c2
Event: 67.329 Thread 0x0000018468ed5800 DEOPT PACKING pc=0x00000184581aa408 sp=0x00000059458fbe50
Event: 67.329 Thread 0x0000018468ed5800 DEOPT UNPACKING pc=0x000001844ff4a1af sp=0x00000059458fbdd8 mode 2
Event: 67.332 Thread 0x0000018468ed5800 Uncommon trap: trap_request=0xffffffc6 fr.pc=0x00000184581aa408 relative=0x0000000000000128
Event: 67.332 Thread 0x0000018468ed5800 Uncommon trap: reason=bimorphic_or_optimized_type_check action=maybe_recompile pc=0x00000184581aa408 method=com.google.common.collect.ImmutableList$1.get(I)Ljava/lang/Object; @ 5 c2
Event: 67.332 Thread 0x0000018468ed5800 DEOPT PACKING pc=0x00000184581aa408 sp=0x00000059458fbe50
Event: 67.332 Thread 0x0000018468ed5800 DEOPT UNPACKING pc=0x000001844ff4a1af sp=0x00000059458fbdd8 mode 2
Event: 67.335 Thread 0x0000018468ed5800 Uncommon trap: trap_request=0xffffff4d fr.pc=0x0000018457c960e0 relative=0x00000000000001a0
Event: 67.335 Thread 0x0000018468ed5800 Uncommon trap: reason=unstable_if action=reinterpret pc=0x0000018457c960e0 method=org.gradle.internal.snapshot.PathUtil.equalChars(CCLorg/gradle/internal/snapshot/CaseSensitivity;)Z @ 11 c2
Event: 67.335 Thread 0x0000018468ed5800 DEOPT PACKING pc=0x0000018457c960e0 sp=0x00000059458fa930
Event: 67.335 Thread 0x0000018468ed5800 DEOPT UNPACKING pc=0x000001844ff4a1af sp=0x00000059458fa8e0 mode 2

Classes redefined (0 events):
No events

Internal exceptions (20 events):
Event: 67.435 Thread 0x0000018468ed5800 Exception <a 'java/lang/ClassNotFoundException'{0x00000000a88ac170}: org/gradle/process/internal/DefaultExecActionBeanInfo> (0x00000000a88ac170) thrown at [./src/hotspot/share/classfile/systemDictionary.cpp, line 231]
Event: 67.436 Thread 0x0000018468ed5800 Exception <a 'java/lang/ClassNotFoundException'{0x00000000a88e0148}: org/gradle/process/internal/DefaultExecHandleBuilderBeanInfo> (0x00000000a88e0148) thrown at [./src/hotspot/share/classfile/systemDictionary.cpp, line 231]
Event: 67.437 Thread 0x0000018468ed5800 Exception <a 'java/lang/ClassNotFoundException'{0x00000000a8714d10}: org/gradle/process/internal/AbstractExecHandleBuilderBeanInfo> (0x00000000a8714d10) thrown at [./src/hotspot/share/classfile/systemDictionary.cpp, line 231]
Event: 67.438 Thread 0x0000018468ed5800 Exception <a 'java/lang/ClassNotFoundException'{0x00000000a8749c38}: org/gradle/process/internal/DefaultProcessForkOptionsBeanInfo> (0x00000000a8749c38) thrown at [./src/hotspot/share/classfile/systemDictionary.cpp, line 231]
Event: 67.439 Thread 0x0000018468ed5800 Exception <a 'java/lang/ClassNotFoundException'{0x00000000a877f168}: org/gradle/process/internal/DefaultProcessForkOptionsCustomizer> (0x00000000a877f168) thrown at [./src/hotspot/share/classfile/systemDictionary.cpp, line 231]
Event: 67.447 Thread 0x0000018468ed5800 Exception <a 'java/lang/ClassNotFoundException'{0x00000000a87c0fa8}: org/gradle/process/internal/AbstractExecHandleBuilderCustomizer> (0x00000000a87c0fa8) thrown at [./src/hotspot/share/classfile/systemDictionary.cpp, line 231]
Event: 67.449 Thread 0x0000018468ed5800 Exception <a 'java/lang/ClassNotFoundException'{0x00000000a8607460}: org/gradle/process/internal/DefaultExecHandleBuilderCustomizer> (0x00000000a8607460) thrown at [./src/hotspot/share/classfile/systemDictionary.cpp, line 231]
Event: 67.452 Thread 0x0000018468ed5800 Exception <a 'java/lang/ClassNotFoundException'{0x00000000a8665290}: org/gradle/process/internal/DefaultExecActionCustomizer> (0x00000000a8665290) thrown at [./src/hotspot/share/classfile/systemDictionary.cpp, line 231]
Event: 67.454 Thread 0x0000018468ed5800 Exception <a 'java/lang/ClassNotFoundException'{0x00000000a86a2728}: org/gradle/process/internal/DefaultExecAction_DecoratedCustomizer> (0x00000000a86a2728) thrown at [./src/hotspot/share/classfile/systemDictionary.cpp, line 231]
Event: 67.457 Thread 0x0000018468ed5800 Exception <a 'java/lang/ClassNotFoundException'{0x00000000a86fd850}: org/gradle/api/logging/LogLevelBeanInfo> (0x00000000a86fd850) thrown at [./src/hotspot/share/classfile/systemDictionary.cpp, line 231]
Event: 67.458 Thread 0x0000018468ed5800 Exception <a 'java/lang/ClassNotFoundException'{0x00000000a8529300}: org/gradle/api/logging/LogLevelCustomizer> (0x00000000a8529300) thrown at [./src/hotspot/share/classfile/systemDictionary.cpp, line 231]
Event: 67.467 Thread 0x0000018468ed5800 Exception <a 'java/lang/ClassNotFoundException'{0x00000000a859e2a8}: org/gradle/internal/logging/services/DefaultLoggingManagerBeanInfo> (0x00000000a859e2a8) thrown at [./src/hotspot/share/classfile/systemDictionary.cpp, line 231]
Event: 67.470 Thread 0x0000018468ed5800 Exception <a 'java/lang/ClassNotFoundException'{0x00000000a85d3808}: org/gradle/internal/logging/services/DefaultLoggingManagerCustomizer> (0x00000000a85d3808) thrown at [./src/hotspot/share/classfile/systemDictionary.cpp, line 231]
Event: 67.475 Thread 0x0000018468ed5800 Exception <a 'java/lang/ClassNotFoundException'{0x00000000a840f268}: java/lang/BooleanBeanInfo> (0x00000000a840f268) thrown at [./src/hotspot/share/classfile/systemDictionary.cpp, line 231]
Event: 67.476 Thread 0x0000018468ed5800 Exception <a 'java/lang/ClassNotFoundException'{0x00000000a8419f50}: java/lang/BooleanCustomizer> (0x00000000a8419f50) thrown at [./src/hotspot/share/classfile/systemDictionary.cpp, line 231]
Event: 67.508 Thread 0x0000018468edd000 Exception <a 'java/lang/NoSuchMethodError'{0x00000000a8484630}: 'void java.lang.invoke.DirectMethodHandle$Holder.invokeStatic(java.lang.Object, long)'> (0x00000000a8484630) thrown at [./src/hotspot/share/interpreter/linkResolver.cpp, line 773]
Event: 67.509 Thread 0x0000018468edd000 Exception <a 'java/lang/NoSuchMethodError'{0x00000000a84895a0}: 'java.lang.Object java.lang.invoke.DirectMethodHandle$Holder.invokeStatic(java.lang.Object, long)'> (0x00000000a84895a0) thrown at [./src/hotspot/share/interpreter/linkResolver.cpp, line 773]
Event: 67.512 Thread 0x0000018468edd000 Exception <a 'java/lang/NoSuchMethodError'{0x00000000a8497978}: 'java.lang.Object java.lang.invoke.DirectMethodHandle$Holder.invokeStaticInit(java.lang.Object, java.lang.Object, long, java.lang.Object)'> (0x00000000a8497978) thrown at [./src/hotspot/share/interpreter/linkResolver.cpp, line 773]
Event: 67.518 Thread 0x0000018468edd000 Exception <a 'java/lang/NoSuchMethodError'{0x00000000a849d868}: 'java.lang.Object java.lang.invoke.DirectMethodHandle$Holder.invokeStatic(java.lang.Object, java.lang.Object, long)'> (0x00000000a849d868) thrown at [./src/hotspot/share/interpreter/linkResolver.cpp, line 773]
Event: 67.519 Thread 0x0000018468edd000 Exception <a 'java/lang/NoSuchMethodError'{0x00000000a84a3b38}: 'java.lang.Object java.lang.invoke.Invokers$Holder.linkToTargetMethod(java.lang.Object, long, java.lang.Object)'> (0x00000000a84a3b38) thrown at [./src/hotspot/share/interpreter/linkResolver.cpp, line 773]

Events (20 events):
Event: 67.495 loading class java/lang/ProcessImpl
Event: 67.496 loading class java/lang/ProcessImpl done
Event: 67.510 loading class java/lang/ProcessHandleImpl
Event: 67.511 loading class java/lang/ProcessHandleImpl done
Event: 67.519 loading class java/lang/ProcessImpl$2
Event: 67.519 loading class java/lang/ProcessImpl$2 done
Event: 67.520 loading class java/lang/Process$PipeInputStream
Event: 67.520 loading class java/lang/Process$PipeInputStream done
Event: 67.520 loading class org/gradle/process/internal/streams/ExecOutputHandleRunner
Event: 67.520 loading class org/gradle/process/internal/streams/ExecOutputHandleRunner done
Event: 67.525 Thread 0x0000018468edf800 Thread added: 0x0000018468edf800
Event: 67.525 Thread 0x0000018468ede800 Thread added: 0x0000018468ede800
Event: 69.174 Thread 0x000001846f9c1800 Thread exited: 0x000001846f9c1800
Event: 73.238 loading class org/gradle/internal/logging/events/StyledTextOutputEvent$Span
Event: 73.238 loading class org/gradle/internal/logging/events/StyledTextOutputEvent$Span done
Event: 73.239 loading class org/gradle/internal/logging/events/operations/StyledTextBuildOperationProgressDetails$Span
Event: 73.239 loading class org/gradle/internal/logging/events/operations/StyledTextBuildOperationProgressDetails$Span done
Event: 73.239 loading class org/gradle/internal/operations/logging/StyledTextBuildOperationProgressDetails$Span
Event: 73.239 loading class org/gradle/internal/operations/logging/StyledTextBuildOperationProgressDetails$Span done
Event: 73.239 Executing VM operation: BulkRevokeBias


Dynamic libraries:
0x00007ff781840000 - 0x00007ff78184a000 	C:\Program Files\Android\Android Studio\jre\bin\java.exe
0x00007ff849130000 - 0x00007ff849328000 	C:\Windows\SYSTEM32\ntdll.dll
0x00007ff849030000 - 0x00007ff8490ef000 	C:\Windows\System32\KERNEL32.DLL
0x00007ff846d50000 - 0x00007ff847022000 	C:\Windows\System32\KERNELBASE.dll
0x00007ff846c20000 - 0x00007ff846d20000 	C:\Windows\System32\ucrtbase.dll
0x00007ff825150000 - 0x00007ff825169000 	C:\Program Files\Android\Android Studio\jre\bin\jli.dll
0x00007ff847660000 - 0x00007ff8477fd000 	C:\Windows\System32\USER32.dll
0x00007ff846d20000 - 0x00007ff846d42000 	C:\Windows\System32\win32u.dll
0x00007ff8483b0000 - 0x00007ff8483db000 	C:\Windows\System32\GDI32.dll
0x00007ff824800000 - 0x00007ff824817000 	C:\Program Files\Android\Android Studio\jre\bin\VCRUNTIME140.dll
0x00007ff846910000 - 0x00007ff846a1f000 	C:\Windows\System32\gdi32full.dll
0x00007ff847030000 - 0x00007ff8470cd000 	C:\Windows\System32\msvcp_win.dll
0x00007ff834cb0000 - 0x00007ff834f4a000 	C:\Windows\WinSxS\amd64_microsoft.windows.common-controls_6595b64144ccf1df_6.0.19041.1110_none_60b5254171f9507e\COMCTL32.dll
0x00007ff8479d0000 - 0x00007ff847a6e000 	C:\Windows\System32\msvcrt.dll
0x00007ff847620000 - 0x00007ff847652000 	C:\Windows\System32\IMM32.DLL
0x00007ff80dc70000 - 0x00007ff80dd0d000 	C:\Program Files\Android\Android Studio\jre\bin\msvcp140.dll
0x00007ff80df30000 - 0x00007ff80ea32000 	C:\Program Files\Android\Android Studio\jre\bin\server\jvm.dll
0x00007ff847920000 - 0x00007ff8479ce000 	C:\Windows\System32\ADVAPI32.dll
0x00007ff8471e0000 - 0x00007ff84727c000 	C:\Windows\System32\sechost.dll
0x00007ff848f00000 - 0x00007ff849025000 	C:\Windows\System32\RPCRT4.dll
0x00007ff8483e0000 - 0x00007ff8483e8000 	C:\Windows\System32\PSAPI.DLL
0x00007ff82c4d0000 - 0x00007ff82c4d9000 	C:\Windows\SYSTEM32\WSOCK32.dll
0x00007ff848d50000 - 0x00007ff848dbb000 	C:\Windows\System32\WS2_32.dll
0x00007ff831760000 - 0x00007ff831787000 	C:\Windows\SYSTEM32\WINMM.dll
0x00007ff8447d0000 - 0x00007ff8447da000 	C:\Windows\SYSTEM32\VERSION.dll
0x00007ff845080000 - 0x00007ff845092000 	C:\Windows\SYSTEM32\kernel.appcore.dll
0x00007ff83c550000 - 0x00007ff83c561000 	C:\Program Files\Android\Android Studio\jre\bin\verify.dll
0x00007ff834650000 - 0x00007ff834834000 	C:\Windows\SYSTEM32\DBGHELP.DLL
0x00007ff8345c0000 - 0x00007ff8345ec000 	C:\Windows\SYSTEM32\dbgcore.DLL
0x00007ff846830000 - 0x00007ff8468b2000 	C:\Windows\System32\bcryptPrimitives.dll
0x00007ff83bac0000 - 0x00007ff83bae9000 	C:\Program Files\Android\Android Studio\jre\bin\java.dll
0x00007ff83d500000 - 0x00007ff83d50b000 	C:\Program Files\Android\Android Studio\jre\bin\jimage.dll
0x00007ff83c4d0000 - 0x00007ff83c4e8000 	C:\Program Files\Android\Android Studio\jre\bin\zip.dll
0x00007ff847bd0000 - 0x00007ff848313000 	C:\Windows\System32\SHELL32.dll
0x00007ff8448d0000 - 0x00007ff845062000 	C:\Windows\SYSTEM32\windows.storage.dll
0x00007ff848520000 - 0x00007ff848874000 	C:\Windows\System32\combase.dll
0x00007ff846290000 - 0x00007ff8462c0000 	C:\Windows\SYSTEM32\Wldp.dll
0x00007ff847b20000 - 0x00007ff847bcd000 	C:\Windows\System32\SHCORE.dll
0x00007ff848880000 - 0x00007ff8488d5000 	C:\Windows\System32\shlwapi.dll
0x00007ff846770000 - 0x00007ff84678f000 	C:\Windows\SYSTEM32\profapi.dll
0x00007ff83c470000 - 0x00007ff83c48a000 	C:\Program Files\Android\Android Studio\jre\bin\net.dll
0x00007ff83d620000 - 0x00007ff83d72c000 	C:\Windows\SYSTEM32\WINHTTP.dll
0x00007ff845ff0000 - 0x00007ff84605a000 	C:\Windows\system32\mswsock.dll
0x00007ff82f7c0000 - 0x00007ff82f7d4000 	C:\Program Files\Android\Android Studio\jre\bin\nio.dll
0x00007ff817e10000 - 0x00007ff817e37000 	C:\Users\DELL\.gradle\native\e1d6ef7f7dcc3fd88c89a11ec53ec762bb8ba0a96d01ffa2cd45eb1d1d8dd5c5\windows-amd64\native-platform.dll
0x00007ff80d920000 - 0x00007ff80da64000 	C:\Users\DELL\.gradle\native\0d407fdbe67a94daf76414ababcb853783967236a71b16ec16e742cd7a986fd3\windows-amd64\native-platform-file-events.dll
0x00007ff83d4d0000 - 0x00007ff83d4da000 	C:\Program Files\Android\Android Studio\jre\bin\management.dll
0x00007ff83cb00000 - 0x00007ff83cb0d000 	C:\Program Files\Android\Android Studio\jre\bin\management_ext.dll
0x00007ff8461f0000 - 0x00007ff846208000 	C:\Windows\SYSTEM32\CRYPTSP.dll
0x00007ff8458a0000 - 0x00007ff8458d4000 	C:\Windows\system32\rsaenh.dll
0x00007ff846a90000 - 0x00007ff846ab7000 	C:\Windows\System32\bcrypt.dll
0x00007ff846730000 - 0x00007ff84675e000 	C:\Windows\SYSTEM32\USERENV.dll
0x00007ff8461e0000 - 0x00007ff8461ec000 	C:\Windows\SYSTEM32\CRYPTBASE.dll
0x00007ff845c90000 - 0x00007ff845ccb000 	C:\Windows\SYSTEM32\IPHLPAPI.DLL
0x00007ff847610000 - 0x00007ff847618000 	C:\Windows\System32\NSI.dll
0x00007ff83fc80000 - 0x00007ff83fc97000 	C:\Windows\SYSTEM32\dhcpcsvc6.DLL
0x00007ff840180000 - 0x00007ff84019d000 	C:\Windows\SYSTEM32\dhcpcsvc.DLL
0x00007ff845ce0000 - 0x00007ff845daa000 	C:\Windows\SYSTEM32\DNSAPI.dll
0x00007ff826fe0000 - 0x00007ff827007000 	C:\Program Files\Android\Android Studio\jre\bin\sunec.dll
0x00007ff839720000 - 0x00007ff83972a000 	C:\Windows\System32\rasadhlp.dll
0x00007ff83cd60000 - 0x00007ff83cde0000 	C:\Windows\System32\fwpuclnt.dll

dbghelp: loaded successfully - version: 4.0.5 - missing functions: none
symbol engine: initialized successfully - sym options: 0x614 - pdb path: .;C:\Program Files\Android\Android Studio\jre\bin;C:\Windows\SYSTEM32;C:\Windows\WinSxS\amd64_microsoft.windows.common-controls_6595b64144ccf1df_6.0.19041.1110_none_60b5254171f9507e;C:\Program Files\Android\Android Studio\jre\bin\server;C:\Users\DELL\.gradle\native\e1d6ef7f7dcc3fd88c89a11ec53ec762bb8ba0a96d01ffa2cd45eb1d1d8dd5c5\windows-amd64;C:\Users\DELL\.gradle\native\0d407fdbe67a94daf76414ababcb853783967236a71b16ec16e742cd7a986fd3\windows-amd64

VM Arguments:
jvm_args: --add-opens=java.base/java.util=ALL-UNNAMED --add-opens=java.base/java.lang=ALL-UNNAMED --add-opens=java.base/java.lang.invoke=ALL-UNNAMED --add-opens=java.base/java.util=ALL-UNNAMED --add-opens=java.prefs/java.util.prefs=ALL-UNNAMED --add-opens=java.prefs/java.util.prefs=ALL-UNNAMED --add-opens=java.base/java.nio.charset=ALL-UNNAMED --add-opens=java.base/java.net=ALL-UNNAMED --add-opens=java.base/java.util.concurrent.atomic=ALL-UNNAMED -Xmx1536M -Dfile.encoding=windows-1256 -Duser.country=US -Duser.language=en -Duser.variant 
java_command: org.gradle.launcher.daemon.bootstrap.GradleDaemon 7.4
java_class_path (initial): C:\Users\DELL\.gradle\wrapper\dists\gradle-7.4-all\aadb4xli5jkdsnukm30eibyiu\gradle-7.4\lib\gradle-launcher-7.4.jar
Launcher Type: SUN_STANDARD

[Global flags]
     intx CICompilerCount                          = 3                                         {product} {ergonomic}
     uint ConcGCThreads                            = 1                                         {product} {ergonomic}
     uint G1ConcRefinementThreads                  = 4                                         {product} {ergonomic}
   size_t G1HeapRegionSize                         = 1048576                                   {product} {ergonomic}
    uintx GCDrainStackTargetSize                   = 64                                        {product} {ergonomic}
   size_t InitialHeapSize                          = 132120576                                 {product} {ergonomic}
   size_t MarkStackSize                            = 4194304                                   {product} {ergonomic}
   size_t MaxHeapSize                              = 1610612736                                {product} {command line}
   size_t MaxNewSize                               = 965738496                                 {product} {ergonomic}
   size_t MinHeapDeltaBytes                        = 1048576                                   {product} {ergonomic}
    uintx NonNMethodCodeHeapSize                   = 5830732                                {pd product} {ergonomic}
    uintx NonProfiledCodeHeapSize                  = 122913754                              {pd product} {ergonomic}
    uintx ProfiledCodeHeapSize                     = 122913754                              {pd product} {ergonomic}
    uintx ReservedCodeCacheSize                    = 251658240                              {pd product} {ergonomic}
     bool SegmentedCodeCache                       = true                                      {product} {ergonomic}
     bool UseCompressedClassPointers               = true                                 {lp64_product} {ergonomic}
     bool UseCompressedOops                        = true                                 {lp64_product} {ergonomic}
     bool UseG1GC                                  = true                                      {product} {ergonomic}
     bool UseLargePagesIndividualAllocation        = false                                  {pd product} {ergonomic}

Logging:
Log output configuration:
 #0: stdout all=warning uptime,level,tags
 #1: stderr all=off uptime,level,tags

Environment Variables:
JAVA_HOME=C:\Program Files\Android\Android Studio\jre
CLASSPATH=D:\My Track\180 daraga\taska\android\\gradle\wrapper\gradle-wrapper.jar
PATH=D:\orecal\app\oracle\product\11.2.0\server\bin;;C:\Program Files\Common Files\Oracle\Java\javapath;C:\Program Files (x86)\VMware\VMware Player\bin\;C:\Python39\Scripts\;C:\Python39\;C:\Program Files (x86)\ActiveState Komodo IDE 11\;C:\Windows\system32;C:\Windows;C:\Windows\System32\Wbem;C:\Windows\System32\WindowsPowerShell\v1.0\;C:\Windows\System32\OpenSSH\;C:\ProgramData\chocolatey\bin;C:\Program Files\Microsoft SQL Server\130\Tools\Binn\;D:\web\Git\cmd;D:\metlap\bin;D:\mitlab\bin;C:\src\flutter\bin;C:\Program Files\Java\jdk1.8.0_172\bin;C:\Program Files\nodejs\;C:\Users\DELL\AppData\Local\Microsoft\WindowsApps;C:\Users\DELL\AppData\Local\GitHubDesktop\bin;C:\src\flutter\bin;C:\Users\DELL\AppData\Local\Pub\Cache\bin;C:\Users\DELL\AppData\Roaming\npm;C:\src\flutter\bin\mingit\cmd
USERNAME=DELL
OS=Windows_NT
PROCESSOR_IDENTIFIER=Intel64 Family 6 Model 58 Stepping 9, GenuineIntel



---------------  S Y S T E M  ---------------

OS: Windows 10 , 64 bit Build 19041 (10.0.19041.2251)
OS uptime: 6 days 21:30 hours

CPU:total 4 (initial active 4) (2 cores per cpu, 2 threads per core) family 6 model 58 stepping 9 microcode 0x21, cmov, cx8, fxsr, mmx, sse, sse2, sse3, ssse3, sse4.1, sse4.2, popcnt, avx, aes, clmul, erms, ht, tsc, tscinvbit, tscinv

Memory: 4k page, system-wide physical 8063M (219M free)
TotalPageFile size 11746M (AvailPageFile size 3M)
current process WorkingSet (physical memory assigned to process): 382M, peak: 450M
current process commit charge ("private bytes"): 440M, peak: 494M

vm_info: OpenJDK 64-Bit Server VM (11.0.13+0-b1751.21-8125866) for windows-amd64 JRE (11.0.13+0-b1751.21-8125866), built on Feb  2 2022 03:00:22 by "builder" with MS VC++ 14.0 (VS2015)

END.
